Command line:
   MIPS_isim_beh.exe
     -simmode  gui
     -simrunnum  0
     -socket  56671

Wed Jun  7 20:30:22 2017


 Elaboration Time: 0.02 sec

 Current Memory Usage: 235.893 Meg

 Total Signals          : 98
 Total Nets             : 186
 Total Signal Drivers   : 40
 Total Blocks           : 19
 Total Primitive Blocks : 18
 Total Processes        : 72
 Total Traceable Variables  : 56
 Total Scalar Nets and Variables : 721
Total Line Count : 286

 Total Simulation Time: 0.02 sec

 Current Memory Usage: 311.394 Meg

Wed Jun  7 20:30:25 2017

